/*C2*/SET SCHEMA PUBLIC
DELETE FROM DATABASECHANGELOGLOCK WHERE ID=1
INSERT INTO DATABASECHANGELOGLOCK VALUES(1,TRUE,'2021-07-21 20:56:39.707000','DESKTOP-U24FAVU (192.168.1.6)')
COMMIT
DELETE FROM DATABASECHANGELOGLOCK WHERE ID=1
INSERT INTO DATABASECHANGELOGLOCK VALUES(1,FALSE,NULL,NULL)
COMMIT
DELETE FROM DATABASECHANGELOGLOCK WHERE ID=1
INSERT INTO DATABASECHANGELOGLOCK VALUES(1,TRUE,'2021-07-21 20:56:40.499000','DESKTOP-U24FAVU (192.168.1.6)')
COMMIT
DELETE FROM DATABASECHANGELOGLOCK WHERE ID=1
INSERT INTO DATABASECHANGELOGLOCK VALUES(1,FALSE,NULL,NULL)
COMMIT
DELETE FROM PERSISTENT_LOGINS WHERE SERIES='qNYNmtw3bXC9RH99FxySJg=='
INSERT INTO PERSISTENT_LOGINS VALUES('qNYNmtw3bXC9RH99FxySJg==','admin','fDbyLPGBMF9UNIHccX9D+w==','2021-07-21 20:56:44.648000')
COMMIT
/*C1*/SET SCHEMA SYSTEM_LOBS
INSERT INTO LOB_IDS VALUES(8,150,0,40)
ALTER SEQUENCE SYSTEM_LOBS.LOB_ID RESTART WITH 9
COMMIT
DELETE FROM BLOCKS WHERE BLOCK_ADDR=7
INSERT INTO BLOCKS VALUES(7,1,0)
INSERT INTO BLOCKS VALUES(8,2147483639,0)
DELETE FROM BLOCKS WHERE BLOCK_ADDR=7
INSERT INTO LOBS VALUES(7,1,0,8)
COMMIT
/*C2*/INSERT INTO UI_SETTING VALUES('200d30a4-7939-f239-5fbd-5b5b0468962e','2021-07-21 20:57:43.850000','admin','admin','Equipment.browse',8)
SET SCHEMA SYSTEM_LOBS
DELETE FROM LOB_IDS WHERE LOB_ID=8
INSERT INTO LOB_IDS VALUES(8,150,1,40)
COMMIT
/*C1*/INSERT INTO LOB_IDS VALUES(9,111,0,40)
ALTER SEQUENCE SYSTEM_LOBS.LOB_ID RESTART WITH 10
COMMIT
DELETE FROM BLOCKS WHERE BLOCK_ADDR=8
INSERT INTO BLOCKS VALUES(8,1,0)
INSERT INTO BLOCKS VALUES(9,2147483638,0)
DELETE FROM BLOCKS WHERE BLOCK_ADDR=8
INSERT INTO LOBS VALUES(8,1,0,9)
COMMIT
/*C2*/SET SCHEMA PUBLIC
INSERT INTO UI_SETTING VALUES('8a136bb7-165f-46ea-b2e3-0ebe1fb77f11','2021-07-21 20:57:53.309000','admin','admin','Department.browse',9)
SET SCHEMA SYSTEM_LOBS
DELETE FROM LOB_IDS WHERE LOB_ID=9
INSERT INTO LOB_IDS VALUES(9,111,1,40)
COMMIT
/*C1*/INSERT INTO LOB_IDS VALUES(10,488,0,40)
ALTER SEQUENCE SYSTEM_LOBS.LOB_ID RESTART WITH 11
COMMIT
DELETE FROM BLOCKS WHERE BLOCK_ADDR=9
INSERT INTO BLOCKS VALUES(9,1,0)
INSERT INTO BLOCKS VALUES(10,2147483637,0)
DELETE FROM BLOCKS WHERE BLOCK_ADDR=9
INSERT INTO LOBS VALUES(9,1,0,10)
COMMIT
/*C2*/SET SCHEMA PUBLIC
INSERT INTO UI_SETTING VALUES('df9b1982-8703-b342-f0b7-d5c4a0d09701','2021-07-21 20:57:56.124000','admin','admin','Product.browse',10)
SET SCHEMA SYSTEM_LOBS
DELETE FROM LOB_IDS WHERE LOB_ID=10
INSERT INTO LOB_IDS VALUES(10,488,1,40)
COMMIT
